Running from: /Users/mohanbiradar/Desktop/jenkins/jenkins.war
webroot: $user.home/.jenkins
Sep 12, 2018 5:11:40 PM org.eclipse.jetty.util.log.Log initialized
INFO: Logging initialized @460ms to org.eclipse.jetty.util.log.JavaUtilLog
Sep 12, 2018 5:11:40 PM winstone.Logger logInternal
INFO: Beginning extraction from war file
Sep 12, 2018 5:11:40 PM org.eclipse.jetty.server.handler.ContextHandler setContextPath
WARNING: Empty contextPath
Sep 12, 2018 5:11:40 PM org.eclipse.jetty.server.Server doStart
INFO: jetty-9.4.z-SNAPSHOT, build timestamp: 2017-11-22T02:57:37+05:30, git hash: 82b8fb23f757335bb3329d540ce37a2a2615f0a8
Sep 12, 2018 5:11:40 PM org.eclipse.jetty.webapp.StandardDescriptorProcessor visitServlet
INFO: NO JSP Support for /, did not find org.eclipse.jetty.jsp.JettyJspServlet
Sep 12, 2018 5:11:40 PM org.eclipse.jetty.server.session.DefaultSessionIdManager doStart
INFO: DefaultSessionIdManager workerName=node0
Sep 12, 2018 5:11:40 PM org.eclipse.jetty.server.session.DefaultSessionIdManager doStart
INFO: No SessionScavenger set, using defaults
Sep 12, 2018 5:11:40 PM org.eclipse.jetty.server.session.HouseKeeper startScavenging
INFO: Scavenging every 660000ms
Jenkins home directory: /Users/mohanbiradar/.jenkins found at: $user.home/.jenkins
Sep 12, 2018 5:11:43 PM org.eclipse.jetty.server.handler.ContextHandler doStart
INFO: Started w.@6a8658ff{/,file:///Users/mohanbiradar/.jenkins/war/,AVAILABLE}{/Users/mohanbiradar/.jenkins/war}
Sep 12, 2018 5:11:43 PM org.eclipse.jetty.server.AbstractConnector doStart
INFO: Started ServerConnector@6884cb6e{HTTP/1.1,[http/1.1]}{0.0.0.0:9090}
Sep 12, 2018 5:11:43 PM org.eclipse.jetty.server.Server doStart
INFO: Started @3440ms
Sep 12, 2018 5:11:43 PM winstone.Logger logInternal
INFO: Winstone Servlet Engine v4.0 running: controlPort=disabled
Sep 12, 2018 5:11:44 PM jenkins.InitReactorRunner$1 onAttained
INFO: Started initialization
Sep 12, 2018 5:11:44 PM jenkins.InitReactorRunner$1 onAttained
INFO: Listed all plugins
Sep 12, 2018 5:11:51 PM jenkins.InitReactorRunner$1 onAttained
INFO: Prepared all plugins
Sep 12, 2018 5:11:51 PM jenkins.InitReactorRunner$1 onAttained
INFO: Started all plugins
Sep 12, 2018 5:11:53 PM hudson.ExtensionFinder$GuiceFinder$FaultTolerantScope$1 error
INFO: Failed to instantiate optional component hudson.plugins.build_timeout.operations.AbortAndRestartOperation$DescriptorImpl; skipping
Sep 12, 2018 5:11:53 PM jenkins.InitReactorRunner$1 onAttained
INFO: Augmented all extensions
Sep 12, 2018 5:11:53 PM jenkins.InitReactorRunner$1 onAttained
INFO: Loaded all jobs
Sep 12, 2018 5:11:53 PM hudson.model.AsyncPeriodicWork$1 run
INFO: Started Download metadata
Sep 12, 2018 5:11:53 PM hudson.model.AsyncPeriodicWork$1 run
INFO: Finished Download metadata. 34 ms
Sep 12, 2018 5:11:54 PM org.springframework.context.support.AbstractApplicationContext prepareRefresh
INFO: Refreshing org.springframework.web.context.support.StaticWebApplicationContext@3e91e09a: display name [Root WebApplicationContext]; startup date [Wed Sep 12 17:11:54 IST 2018]; root of context hierarchy
Sep 12, 2018 5:11:54 PM org.springframework.context.support.AbstractApplicationContext obtainFreshBeanFactory
INFO: Bean factory for application context [org.springframework.web.context.support.StaticWebApplicationContext@3e91e09a]: org.springframework.beans.factory.support.DefaultListableBeanFactory@3d38bb0f
Sep 12, 2018 5:11:54 PM org.springframework.beans.factory.support.DefaultListableBeanFactory preInstantiateSingletons
INFO: Pre-instantiating singletons in org.springframework.beans.factory.support.DefaultListableBeanFactory@3d38bb0f: defining beans [authenticationManager]; root of factory hierarchy
Sep 12, 2018 5:11:54 PM org.springframework.context.support.AbstractApplicationContext prepareRefresh
INFO: Refreshing org.springframework.web.context.support.StaticWebApplicationContext@52d9a8ce: display name [Root WebApplicationContext]; startup date [Wed Sep 12 17:11:54 IST 2018]; root of context hierarchy
Sep 12, 2018 5:11:54 PM org.springframework.context.support.AbstractApplicationContext obtainFreshBeanFactory
INFO: Bean factory for application context [org.springframework.web.context.support.StaticWebApplicationContext@52d9a8ce]: org.springframework.beans.factory.support.DefaultListableBeanFactory@1f535f42
Sep 12, 2018 5:11:54 PM org.springframework.beans.factory.support.DefaultListableBeanFactory preInstantiateSingletons
INFO: Pre-instantiating singletons in org.springframework.beans.factory.support.DefaultListableBeanFactory@1f535f42: defining beans [filter,legacy]; root of factory hierarchy
Sep 12, 2018 5:11:54 PM jenkins.InitReactorRunner$1 onAttained
INFO: Completed initialization
Sep 12, 2018 5:11:54 PM hudson.UDPBroadcastThread run
INFO: Cannot listen to UDP port 33,848, skipping: java.net.SocketException: Can't assign requested address
Sep 12, 2018 5:11:54 PM hudson.WebAppMain$3 run
INFO: Jenkins is fully up and running
Sep 12, 2018 6:13:38 PM hudson.model.UpdateCenter$DownloadJob run
INFO: Starting the installation of SonarQube Scanner on behalf of mohanb
Sep 12, 2018 6:13:41 PM hudson.model.UpdateCenter$UpdateCenterConfiguration download
INFO: Downloading SonarQube Scanner
Sep 12, 2018 6:14:11 PM hudson.PluginManager dynamicLoad
INFO: Attempting to dynamic load /Users/mohanbiradar/.jenkins/plugins/sonar.jpi
Sep 12, 2018 6:14:13 PM hudson.model.DownloadService$Downloadable load
INFO: Obtained the updated data file for hudson.plugins.sonar.MsBuildSonarQubeRunnerInstaller
Sep 12, 2018 6:14:13 PM hudson.ExtensionFinder$GuiceFinder$FaultTolerantScope$1 error
INFO: Failed to instantiate optional component hudson.plugins.sonar.SonarPublisher$DescriptorImpl; skipping
Sep 12, 2018 6:14:13 PM hudson.model.DownloadService$Downloadable load
INFO: Obtained the updated data file for hudson.plugins.sonar.SonarRunnerInstaller
Sep 12, 2018 6:14:13 PM hudson.ExtensionFinder$GuiceFinder$FaultTolerantScope$1 error
INFO: Failed to instantiate optional component hudson.plugins.sonar.SonarPublisher$DescriptorImpl; skipping
Sep 12, 2018 6:14:13 PM hudson.ExtensionFinder$GuiceFinder$FaultTolerantScope$1 error
INFO: Failed to instantiate optional component hudson.plugins.sonar.SonarPublisher$DescriptorImpl; skipping
Sep 12, 2018 6:14:13 PM hudson.ExtensionFinder$GuiceFinder$FaultTolerantScope$1 error
INFO: Failed to instantiate optional component hudson.plugins.sonar.SonarPublisher$DescriptorImpl; skipping
Sep 12, 2018 6:14:13 PM hudson.ExtensionFinder$GuiceFinder$FaultTolerantScope$1 error
INFO: Failed to instantiate optional component hudson.plugins.sonar.SonarPublisher$DescriptorImpl; skipping
Sep 12, 2018 6:14:13 PM hudson.ExtensionFinder$GuiceFinder$FaultTolerantScope$1 error
INFO: Failed to instantiate optional component hudson.plugins.sonar.SonarPublisher$DescriptorImpl; skipping
Sep 12, 2018 6:14:13 PM hudson.ExtensionFinder$GuiceFinder$FaultTolerantScope$1 error
INFO: Failed to instantiate optional component hudson.plugins.sonar.SonarPublisher$DescriptorImpl; skipping
Sep 12, 2018 6:14:13 PM hudson.ExtensionFinder$GuiceFinder$FaultTolerantScope$1 error
INFO: Failed to instantiate optional component hudson.plugins.sonar.SonarPublisher$DescriptorImpl; skipping
Sep 12, 2018 6:14:13 PM hudson.ExtensionFinder$GuiceFinder$FaultTolerantScope$1 error
INFO: Failed to instantiate optional component hudson.plugins.sonar.SonarPublisher$DescriptorImpl; skipping
Sep 12, 2018 6:14:13 PM hudson.ExtensionFinder$GuiceFinder$FaultTolerantScope$1 error
INFO: Failed to instantiate optional component hudson.plugins.sonar.SonarPublisher$DescriptorImpl; skipping
Sep 12, 2018 6:14:13 PM hudson.ExtensionFinder$GuiceFinder$FaultTolerantScope$1 error
INFO: Failed to instantiate optional component hudson.plugins.sonar.SonarPublisher$DescriptorImpl; skipping
Sep 12, 2018 6:14:13 PM hudson.ExtensionFinder$GuiceFinder$FaultTolerantScope$1 error
INFO: Failed to instantiate optional component hudson.plugins.sonar.SonarPublisher$DescriptorImpl; skipping
Sep 12, 2018 6:14:13 PM hudson.ExtensionFinder$GuiceFinder$FaultTolerantScope$1 error
INFO: Failed to instantiate optional component hudson.plugins.sonar.SonarPublisher$DescriptorImpl; skipping
Sep 12, 2018 6:14:13 PM hudson.ExtensionFinder$GuiceFinder$FaultTolerantScope$1 error
INFO: Failed to instantiate optional component hudson.plugins.sonar.SonarPublisher$DescriptorImpl; skipping
Sep 12, 2018 6:14:13 PM hudson.ExtensionFinder$GuiceFinder$FaultTolerantScope$1 error
INFO: Failed to instantiate optional component hudson.plugins.sonar.SonarPublisher$DescriptorImpl; skipping
Sep 12, 2018 6:14:13 PM hudson.ExtensionFinder$GuiceFinder$FaultTolerantScope$1 error
INFO: Failed to instantiate optional component hudson.plugins.sonar.SonarPublisher$DescriptorImpl; skipping
Sep 12, 2018 6:14:13 PM hudson.ExtensionFinder$GuiceFinder$FaultTolerantScope$1 error
INFO: Failed to instantiate optional component hudson.plugins.sonar.SonarPublisher$DescriptorImpl; skipping
Sep 12, 2018 6:14:13 PM hudson.ExtensionFinder$GuiceFinder$FaultTolerantScope$1 error
INFO: Failed to instantiate optional component hudson.plugins.sonar.SonarPublisher$DescriptorImpl; skipping
Sep 12, 2018 6:14:13 PM hudson.ExtensionFinder$GuiceFinder$FaultTolerantScope$1 error
INFO: Failed to instantiate optional component hudson.plugins.sonar.SonarPublisher$DescriptorImpl; skipping
Sep 12, 2018 6:14:13 PM hudson.ExtensionFinder$GuiceFinder$FaultTolerantScope$1 error
INFO: Failed to instantiate optional component hudson.plugins.sonar.SonarPublisher$DescriptorImpl; skipping
Sep 12, 2018 6:14:13 PM hudson.ExtensionFinder$GuiceFinder$FaultTolerantScope$1 error
INFO: Failed to instantiate optional component hudson.plugins.sonar.SonarPublisher$DescriptorImpl; skipping
Sep 12, 2018 6:14:13 PM hudson.ExtensionFinder$GuiceFinder$FaultTolerantScope$1 error
INFO: Failed to instantiate optional component hudson.plugins.sonar.SonarPublisher$DescriptorImpl; skipping
Sep 12, 2018 6:14:13 PM hudson.ExtensionFinder$GuiceFinder$FaultTolerantScope$1 error
INFO: Failed to instantiate optional component hudson.plugins.sonar.SonarPublisher$DescriptorImpl; skipping
Sep 12, 2018 6:14:13 PM hudson.ExtensionFinder$GuiceFinder$FaultTolerantScope$1 error
INFO: Failed to instantiate optional component hudson.plugins.sonar.SonarPublisher$DescriptorImpl; skipping
Sep 12, 2018 6:14:13 PM hudson.ExtensionFinder$GuiceFinder$FaultTolerantScope$1 error
INFO: Failed to instantiate optional component hudson.plugins.sonar.SonarPublisher$DescriptorImpl; skipping
Sep 12, 2018 6:14:13 PM hudson.ExtensionFinder$GuiceFinder$FaultTolerantScope$1 error
INFO: Failed to instantiate optional component hudson.plugins.sonar.SonarPublisher$DescriptorImpl; skipping
Sep 12, 2018 6:14:13 PM hudson.ExtensionFinder$GuiceFinder$FaultTolerantScope$1 error
INFO: Failed to instantiate optional component hudson.plugins.sonar.SonarPublisher$DescriptorImpl; skipping
Sep 12, 2018 6:14:13 PM hudson.ExtensionFinder$GuiceFinder$FaultTolerantScope$1 error
INFO: Failed to instantiate optional component hudson.plugins.sonar.SonarPublisher$DescriptorImpl; skipping
Sep 12, 2018 6:14:13 PM hudson.ExtensionFinder$GuiceFinder$FaultTolerantScope$1 error
INFO: Failed to instantiate optional component hudson.plugins.sonar.SonarPublisher$DescriptorImpl; skipping
Sep 12, 2018 6:14:13 PM hudson.ExtensionFinder$GuiceFinder$FaultTolerantScope$1 error
INFO: Failed to instantiate optional component hudson.plugins.sonar.SonarPublisher$DescriptorImpl; skipping
Sep 12, 2018 6:14:13 PM hudson.ExtensionFinder$GuiceFinder$FaultTolerantScope$1 error
INFO: Failed to instantiate optional component hudson.plugins.sonar.SonarPublisher$DescriptorImpl; skipping
Sep 12, 2018 6:14:13 PM hudson.ExtensionFinder$GuiceFinder$FaultTolerantScope$1 error
INFO: Failed to instantiate optional component hudson.plugins.sonar.SonarPublisher$DescriptorImpl; skipping
Sep 12, 2018 6:14:13 PM hudson.ExtensionFinder$GuiceFinder$FaultTolerantScope$1 error
INFO: Failed to instantiate optional component hudson.plugins.sonar.SonarPublisher$DescriptorImpl; skipping
Sep 12, 2018 6:14:13 PM hudson.ExtensionFinder$GuiceFinder$FaultTolerantScope$1 error
INFO: Failed to instantiate optional component hudson.plugins.sonar.SonarPublisher$DescriptorImpl; skipping
Sep 12, 2018 6:14:13 PM hudson.ExtensionFinder$GuiceFinder$FaultTolerantScope$1 error
INFO: Failed to instantiate optional component hudson.plugins.sonar.SonarPublisher$DescriptorImpl; skipping
Sep 12, 2018 6:14:13 PM hudson.ExtensionFinder$GuiceFinder$FaultTolerantScope$1 error
INFO: Failed to instantiate optional component hudson.plugins.sonar.SonarPublisher$DescriptorImpl; skipping
Sep 12, 2018 6:14:13 PM hudson.ExtensionFinder$GuiceFinder$FaultTolerantScope$1 error
INFO: Failed to instantiate optional component hudson.plugins.sonar.SonarPublisher$DescriptorImpl; skipping
Sep 12, 2018 6:14:13 PM jenkins.InitReactorRunner$1 onAttained
INFO: Started initialization
Sep 12, 2018 6:14:13 PM jenkins.InitReactorRunner$1 onAttained
INFO: Listed all plugins
Sep 12, 2018 6:14:13 PM jenkins.InitReactorRunner$1 onAttained
INFO: Prepared all plugins
Sep 12, 2018 6:14:13 PM jenkins.InitReactorRunner$1 onAttained
INFO: Started all plugins
Sep 12, 2018 6:14:13 PM jenkins.InitReactorRunner$1 onAttained
INFO: Augmented all extensions
Sep 12, 2018 6:14:13 PM jenkins.InitReactorRunner$1 onAttained
INFO: Loaded all jobs
Sep 12, 2018 6:14:13 PM hudson.ExtensionFinder$GuiceFinder$FaultTolerantScope$1 error
INFO: Failed to instantiate optional component hudson.plugins.sonar.SonarPublisher$DescriptorImpl; skipping
Sep 12, 2018 6:14:13 PM jenkins.InitReactorRunner$1 onAttained
INFO: Completed initialization
Sep 12, 2018 6:14:13 PM hudson.PluginManager dynamicLoad
INFO: Plugin sonar:2.8 dynamically installed
Sep 12, 2018 6:14:13 PM hudson.model.UpdateCenter$DownloadJob run
INFO: Installation successful: SonarQube Scanner
Sep 12, 2018 6:15:15 PM hudson.model.Run execute
INFO: Sonar_XML_Analysis #1 main build action completed: SUCCESS
Sep 12, 2018 8:46:52 PM hudson.model.Run execute
INFO: Sonar_XML_Analysis #2 main build action completed: SUCCESS
Running from: /Users/mohanbiradar/Desktop/jenkins/jenkins.war
webroot: $user.home/.jenkins
Sep 12, 2018 8:50:30 PM org.eclipse.jetty.util.log.Log initialized
INFO: Logging initialized @454ms to org.eclipse.jetty.util.log.JavaUtilLog
Sep 12, 2018 8:50:30 PM winstone.Logger logInternal
INFO: Beginning extraction from war file
Sep 12, 2018 8:50:30 PM org.eclipse.jetty.server.handler.ContextHandler setContextPath
WARNING: Empty contextPath
Sep 12, 2018 8:50:30 PM org.eclipse.jetty.server.Server doStart
INFO: jetty-9.4.z-SNAPSHOT, build timestamp: 2017-11-22T02:57:37+05:30, git hash: 82b8fb23f757335bb3329d540ce37a2a2615f0a8
Sep 12, 2018 8:50:30 PM org.eclipse.jetty.webapp.StandardDescriptorProcessor visitServlet
INFO: NO JSP Support for /, did not find org.eclipse.jetty.jsp.JettyJspServlet
Sep 12, 2018 8:50:30 PM org.eclipse.jetty.server.session.DefaultSessionIdManager doStart
INFO: DefaultSessionIdManager workerName=node0
Sep 12, 2018 8:50:30 PM org.eclipse.jetty.server.session.DefaultSessionIdManager doStart
INFO: No SessionScavenger set, using defaults
Sep 12, 2018 8:50:30 PM org.eclipse.jetty.server.session.HouseKeeper startScavenging
INFO: Scavenging every 660000ms
Jenkins home directory: /Users/mohanbiradar/.jenkins found at: $user.home/.jenkins
Sep 12, 2018 8:50:33 PM org.eclipse.jetty.server.handler.ContextHandler doStart
INFO: Started w.@6a8658ff{/,file:///Users/mohanbiradar/.jenkins/war/,AVAILABLE}{/Users/mohanbiradar/.jenkins/war}
Sep 12, 2018 8:50:33 PM org.eclipse.jetty.server.AbstractConnector doStart
INFO: Started ServerConnector@28cda624{HTTP/1.1,[http/1.1]}{0.0.0.0:9090}
Sep 12, 2018 8:50:33 PM org.eclipse.jetty.server.Server doStart
INFO: Started @3475ms
Sep 12, 2018 8:50:33 PM winstone.Logger logInternal
INFO: Winstone Servlet Engine v4.0 running: controlPort=disabled
Sep 12, 2018 8:50:34 PM jenkins.InitReactorRunner$1 onAttained
INFO: Started initialization
Sep 12, 2018 8:50:34 PM jenkins.InitReactorRunner$1 onAttained
INFO: Listed all plugins
Sep 12, 2018 8:50:42 PM jenkins.InitReactorRunner$1 onAttained
INFO: Prepared all plugins
Sep 12, 2018 8:50:42 PM jenkins.InitReactorRunner$1 onAttained
INFO: Started all plugins
Sep 12, 2018 8:50:44 PM hudson.ExtensionFinder$GuiceFinder$FaultTolerantScope$1 error
INFO: Failed to instantiate optional component hudson.plugins.sonar.SonarPublisher$DescriptorImpl; skipping
Sep 12, 2018 8:50:44 PM hudson.ExtensionFinder$GuiceFinder$FaultTolerantScope$1 error
INFO: Failed to instantiate optional component hudson.plugins.build_timeout.operations.AbortAndRestartOperation$DescriptorImpl; skipping
Sep 12, 2018 8:50:44 PM jenkins.InitReactorRunner$1 onAttained
INFO: Augmented all extensions
Sep 12, 2018 8:50:44 PM jenkins.InitReactorRunner$1 onAttained
INFO: Loaded all jobs
Sep 12, 2018 8:50:44 PM hudson.model.AsyncPeriodicWork$1 run
INFO: Started Download metadata
Sep 12, 2018 8:50:44 PM hudson.model.AsyncPeriodicWork$1 run
INFO: Finished Download metadata. 6 ms
Sep 12, 2018 8:50:45 PM org.springframework.context.support.AbstractApplicationContext prepareRefresh
INFO: Refreshing org.springframework.web.context.support.StaticWebApplicationContext@575633ef: display name [Root WebApplicationContext]; startup date [Wed Sep 12 20:50:45 IST 2018]; root of context hierarchy
Sep 12, 2018 8:50:45 PM org.springframework.context.support.AbstractApplicationContext obtainFreshBeanFactory
INFO: Bean factory for application context [org.springframework.web.context.support.StaticWebApplicationContext@575633ef]: org.springframework.beans.factory.support.DefaultListableBeanFactory@4d549faa
Sep 12, 2018 8:50:45 PM org.springframework.beans.factory.support.DefaultListableBeanFactory preInstantiateSingletons
INFO: Pre-instantiating singletons in org.springframework.beans.factory.support.DefaultListableBeanFactory@4d549faa: defining beans [authenticationManager]; root of factory hierarchy
Sep 12, 2018 8:50:45 PM org.springframework.context.support.AbstractApplicationContext prepareRefresh
INFO: Refreshing org.springframework.web.context.support.StaticWebApplicationContext@196fef7: display name [Root WebApplicationContext]; startup date [Wed Sep 12 20:50:45 IST 2018]; root of context hierarchy
Sep 12, 2018 8:50:45 PM org.springframework.context.support.AbstractApplicationContext obtainFreshBeanFactory
INFO: Bean factory for application context [org.springframework.web.context.support.StaticWebApplicationContext@196fef7]: org.springframework.beans.factory.support.DefaultListableBeanFactory@312be4a
Sep 12, 2018 8:50:45 PM org.springframework.beans.factory.support.DefaultListableBeanFactory preInstantiateSingletons
INFO: Pre-instantiating singletons in org.springframework.beans.factory.support.DefaultListableBeanFactory@312be4a: defining beans [filter,legacy]; root of factory hierarchy
Sep 12, 2018 8:50:45 PM jenkins.InitReactorRunner$1 onAttained
INFO: Completed initialization
Sep 12, 2018 8:50:45 PM hudson.UDPBroadcastThread run
INFO: Cannot listen to UDP port 33,848, skipping: java.net.SocketException: Can't assign requested address
Sep 12, 2018 8:50:45 PM hudson.WebAppMain$3 run
INFO: Jenkins is fully up and running
Running from: /Users/mohanbiradar/Desktop/jenkins/jenkins.war
webroot: $user.home/.jenkins
Sep 12, 2018 8:51:58 PM org.eclipse.jetty.util.log.Log initialized
INFO: Logging initialized @467ms to org.eclipse.jetty.util.log.JavaUtilLog
Sep 12, 2018 8:51:58 PM winstone.Logger logInternal
INFO: Beginning extraction from war file
Sep 12, 2018 8:51:58 PM org.eclipse.jetty.server.handler.ContextHandler setContextPath
WARNING: Empty contextPath
Sep 12, 2018 8:51:58 PM org.eclipse.jetty.server.Server doStart
INFO: jetty-9.4.z-SNAPSHOT, build timestamp: 2017-11-22T02:57:37+05:30, git hash: 82b8fb23f757335bb3329d540ce37a2a2615f0a8
Sep 12, 2018 8:51:59 PM org.eclipse.jetty.webapp.StandardDescriptorProcessor visitServlet
INFO: NO JSP Support for /, did not find org.eclipse.jetty.jsp.JettyJspServlet
Sep 12, 2018 8:51:59 PM org.eclipse.jetty.server.session.DefaultSessionIdManager doStart
INFO: DefaultSessionIdManager workerName=node0
Sep 12, 2018 8:51:59 PM org.eclipse.jetty.server.session.DefaultSessionIdManager doStart
INFO: No SessionScavenger set, using defaults
Sep 12, 2018 8:51:59 PM org.eclipse.jetty.server.session.HouseKeeper startScavenging
INFO: Scavenging every 600000ms
Jenkins home directory: /Users/mohanbiradar/.jenkins found at: $user.home/.jenkins
Sep 12, 2018 8:52:01 PM org.eclipse.jetty.server.handler.ContextHandler doStart
INFO: Started w.@6a8658ff{/,file:///Users/mohanbiradar/.jenkins/war/,AVAILABLE}{/Users/mohanbiradar/.jenkins/war}
Sep 12, 2018 8:52:01 PM org.eclipse.jetty.server.AbstractConnector doStart
INFO: Started ServerConnector@28cda624{HTTP/1.1,[http/1.1]}{0.0.0.0:9090}
Sep 12, 2018 8:52:01 PM org.eclipse.jetty.server.Server doStart
INFO: Started @3423ms
Sep 12, 2018 8:52:01 PM winstone.Logger logInternal
INFO: Winstone Servlet Engine v4.0 running: controlPort=disabled
Sep 12, 2018 8:52:03 PM jenkins.InitReactorRunner$1 onAttained
INFO: Started initialization
Sep 12, 2018 8:52:03 PM jenkins.InitReactorRunner$1 onAttained
INFO: Listed all plugins
Sep 12, 2018 8:52:10 PM jenkins.InitReactorRunner$1 onAttained
INFO: Prepared all plugins
Sep 12, 2018 8:52:10 PM jenkins.InitReactorRunner$1 onAttained
INFO: Started all plugins
Sep 12, 2018 8:52:12 PM hudson.ExtensionFinder$GuiceFinder$FaultTolerantScope$1 error
INFO: Failed to instantiate optional component hudson.plugins.sonar.SonarPublisher$DescriptorImpl; skipping
Sep 12, 2018 8:52:12 PM hudson.ExtensionFinder$GuiceFinder$FaultTolerantScope$1 error
INFO: Failed to instantiate optional component hudson.plugins.build_timeout.operations.AbortAndRestartOperation$DescriptorImpl; skipping
Sep 12, 2018 8:52:12 PM jenkins.InitReactorRunner$1 onAttained
INFO: Augmented all extensions
Sep 12, 2018 8:52:12 PM jenkins.InitReactorRunner$1 onAttained
INFO: Loaded all jobs
Sep 12, 2018 8:52:12 PM hudson.model.AsyncPeriodicWork$1 run
INFO: Started Download metadata
Sep 12, 2018 8:52:12 PM hudson.model.AsyncPeriodicWork$1 run
INFO: Finished Download metadata. 6 ms
Running from: /Users/mohanbiradar/Desktop/jenkins/jenkins.war
webroot: $user.home/.jenkins
Sep 12, 2018 8:53:36 PM org.eclipse.jetty.util.log.Log initialized
INFO: Logging initialized @440ms to org.eclipse.jetty.util.log.JavaUtilLog
Sep 12, 2018 8:53:36 PM winstone.Logger logInternal
INFO: Beginning extraction from war file
Sep 12, 2018 8:53:36 PM org.eclipse.jetty.server.handler.ContextHandler setContextPath
WARNING: Empty contextPath
Sep 12, 2018 8:53:36 PM org.eclipse.jetty.server.Server doStart
INFO: jetty-9.4.z-SNAPSHOT, build timestamp: 2017-11-22T02:57:37+05:30, git hash: 82b8fb23f757335bb3329d540ce37a2a2615f0a8
Sep 12, 2018 8:53:37 PM org.eclipse.jetty.webapp.StandardDescriptorProcessor visitServlet
INFO: NO JSP Support for /, did not find org.eclipse.jetty.jsp.JettyJspServlet
Sep 12, 2018 8:53:37 PM org.eclipse.jetty.server.session.DefaultSessionIdManager doStart
INFO: DefaultSessionIdManager workerName=node0
Sep 12, 2018 8:53:37 PM org.eclipse.jetty.server.session.DefaultSessionIdManager doStart
INFO: No SessionScavenger set, using defaults
Sep 12, 2018 8:53:37 PM org.eclipse.jetty.server.session.HouseKeeper startScavenging
INFO: Scavenging every 600000ms
Jenkins home directory: /Users/mohanbiradar/.jenkins found at: $user.home/.jenkins
Sep 12, 2018 8:53:39 PM org.eclipse.jetty.server.handler.ContextHandler doStart
INFO: Started w.@6a8658ff{/,file:///Users/mohanbiradar/.jenkins/war/,AVAILABLE}{/Users/mohanbiradar/.jenkins/war}
Sep 12, 2018 8:53:39 PM org.eclipse.jetty.server.AbstractConnector doStart
INFO: Started ServerConnector@2c02c44b{HTTP/1.1,[http/1.1]}{0.0.0.0:9090}
Sep 12, 2018 8:53:39 PM org.eclipse.jetty.server.Server doStart
INFO: Started @3366ms
Sep 12, 2018 8:53:39 PM winstone.Logger logInternal
INFO: Winstone Servlet Engine v4.0 running: controlPort=disabled
Sep 12, 2018 8:53:40 PM jenkins.InitReactorRunner$1 onAttained
INFO: Started initialization
Sep 12, 2018 8:53:41 PM jenkins.InitReactorRunner$1 onAttained
INFO: Listed all plugins
Sep 12, 2018 8:53:48 PM jenkins.InitReactorRunner$1 onAttained
INFO: Prepared all plugins
Sep 12, 2018 8:53:48 PM jenkins.InitReactorRunner$1 onAttained
INFO: Started all plugins
Sep 12, 2018 8:53:50 PM hudson.ExtensionFinder$GuiceFinder$FaultTolerantScope$1 error
INFO: Failed to instantiate optional component hudson.plugins.sonar.SonarPublisher$DescriptorImpl; skipping
Sep 12, 2018 8:53:50 PM hudson.ExtensionFinder$GuiceFinder$FaultTolerantScope$1 error
INFO: Failed to instantiate optional component hudson.plugins.build_timeout.operations.AbortAndRestartOperation$DescriptorImpl; skipping
Sep 12, 2018 8:53:50 PM jenkins.InitReactorRunner$1 onAttained
INFO: Augmented all extensions
Sep 12, 2018 8:53:50 PM jenkins.InitReactorRunner$1 onAttained
INFO: Loaded all jobs
Sep 12, 2018 8:53:50 PM hudson.model.AsyncPeriodicWork$1 run
INFO: Started Download metadata
Sep 12, 2018 8:53:50 PM hudson.model.AsyncPeriodicWork$1 run
INFO: Finished Download metadata. 22 ms
Sep 12, 2018 8:53:51 PM org.springframework.context.support.AbstractApplicationContext prepareRefresh
INFO: Refreshing org.springframework.web.context.support.StaticWebApplicationContext@59f4399c: display name [Root WebApplicationContext]; startup date [Wed Sep 12 20:53:51 IST 2018]; root of context hierarchy
Sep 12, 2018 8:53:51 PM org.springframework.context.support.AbstractApplicationContext obtainFreshBeanFactory
INFO: Bean factory for application context [org.springframework.web.context.support.StaticWebApplicationContext@59f4399c]: org.springframework.beans.factory.support.DefaultListableBeanFactory@6729b261
Sep 12, 2018 8:53:51 PM org.springframework.beans.factory.support.DefaultListableBeanFactory preInstantiateSingletons
INFO: Pre-instantiating singletons in org.springframework.beans.factory.support.DefaultListableBeanFactory@6729b261: defining beans [authenticationManager]; root of factory hierarchy
Sep 12, 2018 8:53:51 PM org.springframework.context.support.AbstractApplicationContext prepareRefresh
INFO: Refreshing org.springframework.web.context.support.StaticWebApplicationContext@7879806: display name [Root WebApplicationContext]; startup date [Wed Sep 12 20:53:51 IST 2018]; root of context hierarchy
Sep 12, 2018 8:53:51 PM org.springframework.context.support.AbstractApplicationContext obtainFreshBeanFactory
INFO: Bean factory for application context [org.springframework.web.context.support.StaticWebApplicationContext@7879806]: org.springframework.beans.factory.support.DefaultListableBeanFactory@76a191de
Sep 12, 2018 8:53:51 PM org.springframework.beans.factory.support.DefaultListableBeanFactory preInstantiateSingletons
INFO: Pre-instantiating singletons in org.springframework.beans.factory.support.DefaultListableBeanFactory@76a191de: defining beans [filter,legacy]; root of factory hierarchy
Sep 12, 2018 8:53:51 PM jenkins.InitReactorRunner$1 onAttained
INFO: Completed initialization
Sep 12, 2018 8:53:51 PM hudson.UDPBroadcastThread run
INFO: Cannot listen to UDP port 33,848, skipping: java.net.SocketException: Can't assign requested address
Sep 12, 2018 8:53:51 PM hudson.WebAppMain$3 run
INFO: Jenkins is fully up and running
Sep 12, 2018 8:54:41 PM hudson.model.Run execute
INFO: Sonar_XML_Analysis #3 main build action completed: SUCCESS
Sep 15, 2018 1:08:10 AM hudson.model.AsyncPeriodicWork$1 run
INFO: Started Fingerprint cleanup
Sep 15, 2018 1:08:10 AM hudson.model.AsyncPeriodicWork$1 run
INFO: Finished Fingerprint cleanup. 83 ms
